#
# There is insufficient memory for the Java Runtime Environment to continue.
# Native memory allocation (mmap) failed to map 65536 bytes. Error detail: Failed to commit metaspace.
# Possible reasons:
#   The system is out of physical RAM or swap space
#   This process is running with CompressedOops enabled, and the Java Heap may be blocking the growth of the native heap
# Possible solutions:
#   Reduce memory load on the system
#   Increase physical memory or swap space
#   Check if swap backing store is full
#   Decrease Java heap size (-Xmx/-Xms)
#   Decrease number of Java threads
#   Decrease Java thread stack sizes (-Xss)
#   Set larger code cache with -XX:ReservedCodeCacheSize=
#   JVM is running with Zero Based Compressed Oops mode in which the Java heap is
#     placed in the first 32GB address space. The Java Heap base address is the
#     maximum limit for the native heap growth. Please use -XX:HeapBaseMinAddress
#     to set the Java Heap base and to place the Java Heap above 32GB virtual address.
# This output file may be truncated or incomplete.
#
#  Out of Memory Error (virtualSpaceNode.cpp:113), pid=12420, tid=21676
#
# JRE version: OpenJDK Runtime Environment Temurin-25+36 (25.0+36) (build 25+36-LTS)
# Java VM: OpenJDK 64-Bit Server VM Temurin-25+36 (25+36-LTS, mixed mode, tiered, compressed oops, compressed class ptrs, g1 gc, windows-amd64)
# No core dump will be written. Minidumps are not enabled by default on client versions of Windows
#

---------------  S U M M A R Y ------------

Command Line: -Dstdout.encoding=UTF-8 -Dstderr.encoding=UTF-8 -Dapplication.home=C:\Users\Paras\AppData\Roaming\Code\User\globalStorage\pleiades.java-extension-pack-jdk\java\latest --add-modules=ALL-DEFAULT -Xms8m -Djdk.module.main=jdk.compiler jdk.compiler/com.sun.tools.javac.Main GetConnection.java

Host: AMD Ryzen 3 3250U with Radeon Graphics         , 4 cores, 9G,  Windows 11 , 64 bit Build 26100 (10.0.26100.6725)
Time: Wed Oct 15 13:28:04 2025 India Standard Time elapsed time: 0.206924 seconds (0d 0h 0m 0s)

---------------  T H R E A D  ---------------

Current thread (0x000002188c4012b0):  JavaThread "main"             [_thread_in_vm, id=21676, stack(0x00000034c5100000,0x00000034c5200000) (1024K)]

Stack: [0x00000034c5100000,0x00000034c5200000]
Native frames: (J=compiled Java code, j=interpreted, Vv=VM code, C=native code)
V  [jvm.dll+0x7a8259]  (no source info available)
V  [jvm.dll+0x7728dd]  (no source info available)
V  [jvm.dll+0x9f5583]  (no source info available)
V  [jvm.dll+0x9f7b71]  (no source info available)
V  [jvm.dll+0x9f8273]  (no source info available)
V  [jvm.dll+0x2fcd26]  (no source info available)
V  [jvm.dll+0x9f245e]  (no source info available)
V  [jvm.dll+0x73d984]  (no source info available)
V  [jvm.dll+0x73d9ea]  (no source info available)
V  [jvm.dll+0x7402dd]  (no source info available)
V  [jvm.dll+0x740065]  (no source info available)
V  [jvm.dll+0x29ab92]  (no source info available)
V  [jvm.dll+0x73e3a8]  (no source info available)
V  [jvm.dll+0x2e0db0]  (no source info available)
V  [jvm.dll+0x74a6b5]  (no source info available)
V  [jvm.dll+0x2897e2]  (no source info available)
V  [jvm.dll+0x289ca5]  (no source info available)
V  [jvm.dll+0x28a66a]  (no source info available)
V  [jvm.dll+0x2800c6]  (no source info available)
V  [jvm.dll+0x668351]  (no source info available)
V  [jvm.dll+0x292ab1]  (no source info available)
V  [jvm.dll+0x96431f]  (no source info available)
V  [jvm.dll+0x96537a]  (no source info available)
V  [jvm.dll+0x9658b2]  (no source info available)
V  [jvm.dll+0x965606]  (no source info available)
V  [jvm.dll+0x2e4bd2]  (no source info available)
V  [jvm.dll+0x47224e]  (no source info available)
C  0x000002189e64a704  (no source info available)

The last pc belongs to new (printed below).
Java frames: (J=compiled Java code, j=interpreted, Vv=VM code)
j  java.lang.classfile.constantpool.ConstantPoolBuilder.of()Ljava/lang/classfile/constantpool/ConstantPoolBuilder;+0 java.base@25
j  java.lang.invoke.InvokerBytecodeGenerator.<init>(Ljava/lang/invoke/LambdaForm;ILjava/lang/String;Ljava/lang/String;Ljava/lang/invoke/MethodType;)V+5 java.base@25
j  java.lang.invoke.InvokerBytecodeGenerator.<init>(Ljava/lang/String;Ljava/lang/String;Ljava/lang/invoke/LambdaForm;Ljava/lang/invoke/MethodType;)V+11 java.base@25
j  java.lang.invoke.InvokerBytecodeGenerator.<init>(Ljava/lang/String;Ljava/lang/invoke/LambdaForm;Ljava/lang/invoke/MethodType;)V+8 java.base@25
j  java.lang.invoke.InvokerBytecodeGenerator.generateCustomizedCode(Ljava/lang/invoke/LambdaForm;Ljava/lang/invoke/MethodType;)Ljava/lang/invoke/MemberName;+21 java.base@25
j  java.lang.invoke.LambdaForm.compileToBytecode()V+69 java.base@25
j  java.lang.invoke.LambdaForm.prepare()V+21 java.base@25
j  java.lang.invoke.MethodHandle.<init>(Ljava/lang/invoke/MethodType;Ljava/lang/invoke/LambdaForm;)V+33 java.base@25
j  java.lang.invoke.BoundMethodHandle.<init>(Ljava/lang/invoke/MethodType;Ljava/lang/invoke/LambdaForm;)V+3 java.base@25
j  java.lang.invoke.BoundMethodHandle$Species_L.<init>(Ljava/lang/invoke/MethodType;Ljava/lang/invoke/LambdaForm;Ljava/lang/Object;)V+3 java.base@25
j  java.lang.invoke.BoundMethodHandle$Species_L.copyWith(Ljava/lang/invoke/MethodType;Ljava/lang/invoke/LambdaForm;)Ljava/lang/invoke/BoundMethodHandle;+10 java.base@25
j  java.lang.invoke.MethodHandles.dropArgumentsTrusted(Ljava/lang/invoke/MethodHandle;I[Ljava/lang/Class;)Ljava/lang/invoke/MethodHandle;+103 java.base@25
j  java.lang.invoke.MethodHandles.dropArguments(Ljava/lang/invoke/MethodHandle;I[Ljava/lang/Class;)Ljava/lang/invoke/MethodHandle;+9 java.base@25
j  jdk.internal.reflect.MethodHandleAccessorFactory.makeSpecializedTarget(Ljava/lang/invoke/MethodHandle;ZZ)Ljava/lang/invoke/MethodHandle;+86 java.base@25
j  jdk.internal.reflect.MethodHandleAccessorFactory.getDirectMethod(Ljava/lang/reflect/Method;Z)Ljava/lang/invoke/MethodHandle;+82 java.base@25
j  jdk.internal.reflect.MethodHandleAccessorFactory.newMethodAccessor(Ljava/lang/reflect/Method;Z)Ljdk/internal/reflect/MethodAccessorImpl;+41 java.base@25
j  jdk.internal.reflect.ReflectionFactory.newMethodAccessor(Ljava/lang/reflect/Method;Z)Ljdk/internal/reflect/MethodAccessor;+22 java.base@25
j  java.lang.reflect.Method.acquireMethodAccessor()Ljdk/internal/reflect/MethodAccessor;+38 java.base@25
j  java.lang.reflect.Method.invoke(Ljava/lang/Object;[Ljava/lang/Object;)Ljava/lang/Object;+75 java.base@25
j  java.lang.Class.getEnumConstantsShared()[Ljava/lang/Object;+41 java.base@25
j  java.lang.System$1.getEnumConstantsShared(Ljava/lang/Class;)[Ljava/lang/Enum;+1 java.base@25
j  java.util.EnumMap.getKeyUniverse(Ljava/lang/Class;)[Ljava/lang/Enum;+4 java.base@25
j  java.util.EnumMap.<init>(Ljava/lang/Class;)V+16 java.base@25
j  java.util.stream.StreamOpFlag.set(Ljava/util/stream/StreamOpFlag$Type;)Ljava/util/stream/StreamOpFlag$MaskBuilder;+10 java.base@25
j  java.util.stream.StreamOpFlag.<clinit>()V+11 java.base@25
v  ~StubRoutines::call_stub 0x000002189e6312ed
j  java.util.stream.StreamSupport.stream(Ljava/util/Spliterator;Z)Ljava/util/stream/Stream;+11 java.base@25
j  java.util.Collection.stream()Ljava/util/stream/Stream;+7 java.base@25
j  jdk.internal.module.DefaultRoots.compute(Ljava/lang/module/ModuleFinder;Ljava/lang/module/ModuleFinder;)Ljava/util/Set;+6 java.base@25
j  jdk.internal.module.ModuleBootstrap.boot2()Ljava/lang/ModuleLayer;+723 java.base@25
j  jdk.internal.module.ModuleBootstrap.boot()Ljava/lang/ModuleLayer;+64 java.base@25
j  java.lang.System.initPhase2(ZZ)I+0 java.base@25
v  ~StubRoutines::call_stub 0x000002189e6312ed
Lock stack of current Java thread (top to bottom):

new  187 new  [0x000002189e64a5c0, 0x000002189e64a778]  440 bytes
[MachCode]
  0x000002189e64a5c0: 4883 ec08 | c5fa 1104 | 24eb 1f48 | 83ec 10c5 | fb11 0424 | eb14 4883 | ec10 4889 | 0424 48c7 
  0x000002189e64a5e0: 4424 0800 | 0000 00eb | 0150 410f | b755 010f | cac1 ea10 | 488b 4de8 | 488b 4908 | 488b 4908 
  0x000002189e64a600: 488b 4108 | 807c 1004 | 070f 8583 | 0000 0066 | 8b54 d148 | 488b 4928 | 488b 4cd1 | 0851 80b9 
  0x000002189e64a620: 3001 0000 | 040f 840d | 0000 004c | 3bb9 3801 | 0000 0f85 | 5900 0000 | 8b51 08f6 | c201 0f85 
  0x000002189e64a640: 4d00 0000 | 498b 87c8 | 0100 0048 | 8d1c 1049 | 3b9f d801 | 0000 0f87 | 3500 0000 | 4989 9fc8 
  0x000002189e64a660: 0100 0048 | 83ea 100f | 840f 0000 | 0033 c9c1 | ea03 4889 | 4cd0 0848 | ffca 75f6 | 48c7 0001 
  0x000002189e64a680: 0000 0059 | 33f6 8970 | 0c89 4808 | e9cb 0000 | 0059 488b | 55e8 488b | 5208 488b | 5208 450f 
  0x000002189e64a6a0: b745 0141 | 0fc8 41c1 | e810 e805 | 0000 00e9 | a800 0000 | 488d 4424 | 084c 896d | c049 8bcf 
  0x000002189e64a6c0: c5f8 7749 | 89af 3804 | 0000 4989 | 8728 0400 | 0048 83ec | 2040 f6c4 | 0f0f 8419 | 0000 0048 
  0x000002189e64a6e0: 83ec 0848 | b800 22c5 | 4cf8 7f00 | 00ff d048 | 83c4 08e9 | 0c00 0000 | 48b8 0022 | c54c f87f 
  0x000002189e64a700: 0000 ffd0 | 4883 c420 | 49c7 8728 | 0400 0000 | 0000 0049 | c787 3804 | 0000 0000 | 0000 49c7 
  0x000002189e64a720: 8730 0400 | 0000 0000 | 00c5 f877 | 4983 7f08 | 000f 8405 | 0000 00e9 | a46a feff | 498b 8780 
  0x000002189e64a740: 0400 0049 | c787 8004 | 0000 0000 | 0000 4c8b | 6dc0 4c8b | 75c8 4e8d | 74f5 00c3 | 410f b65d 
  0x000002189e64a760: 0349 83c5 | 0349 bac0 | a862 4df8 | 7f00 0041 | ff24 da0f | 1f44 0000 
[/MachCode]

---------------  P R O C E S S  ---------------

Threads class SMR info:
_java_thread_list=0x00000218ab754f10, length=9, elements={
0x000002188c4012b0, 0x00000218ab77cc80, 0x00000218ab76c620, 0x00000218ab770950,
0x00000218ab771510, 0x00000218ab77df10, 0x00000218ab781560, 0x00000218ab78a160,
0x00000218ab795d50
}

Java Threads: ( => current thread )
=>0x000002188c4012b0 JavaThread "main"                              [_thread_in_vm, id=21676, stack(0x00000034c5100000,0x00000034c5200000) (1024K)]
  0x00000218ab77cc80 JavaThread "Reference Handler"          daemon [_thread_blocked, id=18564, stack(0x00000034c5900000,0x00000034c5a00000) (1024K)]
  0x00000218ab76c620 JavaThread "Finalizer"                  daemon [_thread_blocked, id=10824, stack(0x00000034c5a00000,0x00000034c5b00000) (1024K)]
  0x00000218ab770950 JavaThread "Signal Dispatcher"          daemon [_thread_blocked, id=16172, stack(0x00000034c5b00000,0x00000034c5c00000) (1024K)]
  0x00000218ab771510 JavaThread "Attach Listener"            daemon [_thread_blocked, id=18712, stack(0x00000034c5c00000,0x00000034c5d00000) (1024K)]
  0x00000218ab77df10 JavaThread "Service Thread"             daemon [_thread_blocked, id=7412, stack(0x00000034c5d00000,0x00000034c5e00000) (1024K)]
  0x00000218ab781560 JavaThread "Monitor Deflation Thread"   daemon [_thread_blocked, id=8448, stack(0x00000034c5e00000,0x00000034c5f00000) (1024K)]
  0x00000218ab78a160 JavaThread "C2 CompilerThread0"         daemon [_thread_blocked, id=8624, stack(0x00000034c5f00000,0x00000034c6000000) (1024K)]
  0x00000218ab795d50 JavaThread "C1 CompilerThread0"         daemon [_thread_blocked, id=20012, stack(0x00000034c6000000,0x00000034c6100000) (1024K)]
Total: 9

Other Threads:
  0x000002188e6c2740 VMThread "VM Thread"                           [id=9608, stack(0x00000034c5800000,0x00000034c5900000) (1024K)]
  0x00000218ab71da20 WatcherThread "VM Periodic Task Thread"        [id=24296, stack(0x00000034c5700000,0x00000034c5800000) (1024K)]
  0x000002188e65d270 WorkerThread "GC Thread#0"                     [id=14420, stack(0x00000034c5200000,0x00000034c5300000) (1024K)]
  0x000002188e66df10 ConcurrentGCThread "G1 Main Marker"            [id=8736, stack(0x00000034c5300000,0x00000034c5400000) (1024K)]
  0x000002188e670060 WorkerThread "G1 Conc#0"                       [id=6044, stack(0x00000034c5400000,0x00000034c5500000) (1024K)]
  0x000002188e68e070 ConcurrentGCThread "G1 Refine#0"               [id=19244, stack(0x00000034c5500000,0x00000034c5600000) (1024K)]
  0x000002188e68ea80 ConcurrentGCThread "G1 Service"                [id=21608, stack(0x00000034c5600000,0x00000034c5700000) (1024K)]
Total: 7

Threads with active compile tasks:
Total: 0

VM state: not at safepoint (normal execution)

VM Mutex/Monitor currently owned by a thread:  ([mutex/lock_event])
[0x00007ff84d614128] Metaspace_lock - owner thread: 0x000002188c4012b0

Heap address: 0x0000000760c00000, size: 2548 MB, Compressed Oops mode: Zero based, Oop shift amount: 3

CDS archive(s) not mapped
Compressed class space mapped at: 0x0000000035000000-0x0000000075000000, reserved size: 1073741824
UseCompressedClassPointers 1, UseCompactObjectHeaders 0
Narrow klass pointer bits 32, Max shift 3
Narrow klass base: 0x0000000000000000, Narrow klass shift: 0
Encoding Range: [0x0000000000000000 - 0x0000000100000000), (4294967296 bytes)
Klass Range:    [0x0000000035000000 - 0x0000000075000000), (1073741824 bytes)
Klass ID Range:  [889192448 - 1962934265) (1073741817)
No protection zone.

GC Precious Log:
 CardTable entry size: 512
 Card Set container configuration: InlinePtr #cards 4 size 8 Array Of Cards #cards 16 size 48 Howl #buckets 8 coarsen threshold 3686 Howl Bitmap #cards 512 size 80 coarsen threshold 460 Card regions per heap region 1 cards per card region 4096
 CPUs: 4 total, 4 available
 Memory: 10190M
 Large Page Support: Disabled
 NUMA Support: Disabled
 Compressed Oops: Enabled (Zero based)
 Heap Region Size: 2M
 Heap Min Capacity: 8M
 Heap Initial Capacity: 8M
 Heap Max Capacity: 2548M
 Pre-touch: Disabled
 Parallel Workers: 4
 Concurrent Workers: 1
 Concurrent Refinement Workers: 4
 Periodic GC: Disabled

Heap:
 garbage-first heap   total reserved 2609152K, committed 8192K, used 0K [0x0000000760c00000, 0x0000000800000000)
  region size 2048K, 1 young (2048K), 0 survivors (0K)

Heap Regions: E=young(eden), S=young(survivor), O=old, HS=humongous(starts), HC=humongous(continues), CS=collection set, F=free, TAMS=top-at-mark-start, PB=parsable bottom
|   0|0x0000000760c00000, 0x0000000760c00000, 0x0000000760e00000|  0%| F|  |TAMS 0x0000000760c00000| PB 0x0000000760c00000| Untracked |  0
|   1|0x0000000760e00000, 0x0000000760e00000, 0x0000000761000000|  0%| F|  |TAMS 0x0000000760e00000| PB 0x0000000760e00000| Untracked |  0
|   2|0x0000000761000000, 0x0000000761000000, 0x0000000761200000|  0%| F|  |TAMS 0x0000000761000000| PB 0x0000000761000000| Untracked |  0
|   3|0x0000000761200000, 0x00000007612cee70, 0x0000000761400000| 40%| E|  |TAMS 0x0000000761200000| PB 0x0000000761200000| Complete |  0

Card table byte_map: [0x00000218a6600000,0x00000218a6b00000] _byte_map_base: 0x00000218a2afa000

Marking Bits: (CMBitMap*) 0x000002188e65d800
 Bits: [0x00000218a6b00000, 0x00000218a92d0000)

Polling page: 0x000002188c4d0000

Metaspace:
Metaspace        used 4763K, committed 4800K, reserved 1114112K
 class space     used 283K, committed 320K, reserved 1048576K

Usage:
  Non-class:      4.37 MB used.
      Class:    283.94 KB used.
       Both:      4.65 MB used.

Virtual space:
  Non-class space:       64.00 MB reserved,       4.38 MB (  7%) committed,  1 nodes.
      Class space:        1.00 GB reserved,     320.00 KB ( <1%) committed,  1 nodes.
             Both:        1.06 GB reserved,       4.69 MB ( <1%) committed. 

Chunk freelists:
   Non-Class:  11.00 MB
       Class:  15.50 MB
        Both:  26.50 MB

MaxMetaspaceSize: unlimited
CompressedClassSpaceSize: 1.00 GB
Initial GC threshold: 21.00 MB
Current GC threshold: 21.00 MB
CDS: off
 - commit_granule_bytes: 65536.
 - commit_granule_words: 8192.
 - virtual_space_node_default_size: 8388608.
 - enlarge_chunks_in_place: 1.
UseCompressedClassPointers 1, UseCompactObjectHeaders 0
Narrow klass pointer bits 32, Max shift 3
Narrow klass base: 0x0000000000000000, Narrow klass shift: 0
Encoding Range: [0x0000000000000000 - 0x0000000100000000), (4294967296 bytes)
Klass Range:    [0x0000000035000000 - 0x0000000075000000), (1073741824 bytes)
Klass ID Range:  [889192448 - 1962934265) (1073741817)
No protection zone.


Internal statistics:

num_allocs_failed_limit: 0.
num_arena_births: 2.
num_arena_deaths: 0.
num_vsnodes_births: 2.
num_vsnodes_deaths: 0.
num_space_committed: 75.
num_space_uncommitted: 0.
num_chunks_returned_to_freelist: 0.
num_chunks_taken_from_freelist: 3.
num_chunk_merges: 0.
num_chunk_splits: 3.
num_chunks_enlarged: 1.
num_inconsistent_stats: 0.

CodeHeap 'non-profiled nmethods': size=120064Kb used=12Kb max_used=12Kb free=120051Kb
 bounds [0x000002189ebc0000, 0x000002189ee30000, 0x00000218a6100000]
CodeHeap 'profiled nmethods': size=120000Kb used=47Kb max_used=47Kb free=119952Kb
 bounds [0x0000021897100000, 0x0000021897370000, 0x000002189e630000]
CodeHeap 'non-nmethods': size=5696Kb used=1215Kb max_used=1215Kb free=4481Kb
 bounds [0x000002189e630000, 0x000002189e8a0000, 0x000002189ebc0000]
CodeCache: size=245760Kb, used=1274Kb, max_used=1274Kb, free=244484Kb
 total_blobs=391, nmethods=54, adapters=241, full_count=0
Compilation: enabled, stopped_count=0, restarted_count=0

Compilation events (20 events):
Event: 0.157 Thread 0x00000218ab795d50   37       3       java.net.URI::hash (33 bytes)
Event: 0.157 Thread 0x00000218ab795d50 nmethod 37 0x0000021897108288 code [0x0000021897108380, 0x00000218971086b8]
Event: 0.165 Thread 0x00000218ab795d50   40       3       java.util.concurrent.ConcurrentHashMap::tabAt (21 bytes)
Event: 0.165 Thread 0x00000218ab795d50 nmethod 40 0x0000021897108708 code [0x0000021897108800, 0x0000021897108af8]
Event: 0.165 Thread 0x00000218ab795d50   46       3       java.util.ImmutableCollections$SetN$SetNIterator::next (90 bytes)
Event: 0.165 Thread 0x00000218ab795d50 nmethod 46 0x0000021897108b08 code [0x0000021897108c00, 0x0000021897108ef8]
Event: 0.165 Thread 0x00000218ab795d50   41       3       jdk.internal.misc.Unsafe::getReferenceAcquire (7 bytes)
Event: 0.165 Thread 0x00000218ab795d50 nmethod 41 0x0000021897108f08 code [0x0000021897109000, 0x0000021897109158]
Event: 0.165 Thread 0x00000218ab795d50   42       3       java.util.concurrent.ConcurrentHashMap::spread (10 bytes)
Event: 0.166 Thread 0x00000218ab795d50 nmethod 42 0x0000021897109208 code [0x0000021897109300, 0x00000218971093f8]
Event: 0.166 Thread 0x00000218ab795d50   44   !   3       java.util.concurrent.ConcurrentHashMap::putVal (432 bytes)
Event: 0.169 Thread 0x00000218ab795d50 nmethod 44 0x0000021897109508 code [0x0000021897109600, 0x000002189710b058]
Event: 0.169 Thread 0x00000218ab795d50   43       3       java.util.concurrent.ConcurrentHashMap::addCount (280 bytes)
Event: 0.170 Thread 0x00000218ab795d50 nmethod 43 0x000002189710b088 code [0x000002189710b180, 0x000002189710baf0]
Event: 0.170 Thread 0x00000218ab795d50   45       3       java.util.concurrent.ConcurrentHashMap$Node::<init> (20 bytes)
Event: 0.170 Thread 0x00000218ab795d50 nmethod 45 0x000002189710bb08 code [0x000002189710bc00, 0x000002189710be38]
Event: 0.194 Thread 0x00000218ab795d50   48       1       java.lang.Enum::ordinal (5 bytes)
Event: 0.194 Thread 0x00000218ab795d50 nmethod 48 0x000002189ebc1c08 code [0x000002189ebc1d00, 0x000002189ebc1dc8]
Event: 0.196 Thread 0x00000218ab795d50   50       1       java.lang.Class::isPrimitive (5 bytes)
Event: 0.196 Thread 0x00000218ab795d50 nmethod 50 0x000002189ebc2208 code [0x000002189ebc2300, 0x000002189ebc23c8]

GC Heap Usage History (0 events):
No events

Metaspace Usage History (0 events):
No events

Dll operation events (1 events):
Event: 0.024 Loaded shared library C:\Users\Paras\AppData\Roaming\Code\User\globalStorage\pleiades.java-extension-pack-jdk\java\latest\bin\java.dll

Deoptimization events (0 events):
No events

Classes loaded (20 events):
Event: 0.198 Loading class java/lang/invoke/DirectMethodHandle$Accessor done
Event: 0.199 Loading class java/lang/invoke/DelegatingMethodHandle
Event: 0.199 Loading class java/lang/invoke/DelegatingMethodHandle done
Event: 0.199 Loading class java/lang/invoke/DelegatingMethodHandle$Holder
Event: 0.199 Loading class java/lang/invoke/DelegatingMethodHandle$Holder done
Event: 0.199 Loading class java/lang/invoke/VarHandle$AccessMode
Event: 0.200 Loading class java/lang/invoke/VarHandle$AccessMode done
Event: 0.200 Loading class java/lang/invoke/VarHandle$AccessType
Event: 0.200 Loading class java/lang/invoke/VarHandle$AccessType done
Event: 0.200 Loading class java/lang/invoke/Invokers$Holder
Event: 0.200 Loading class java/lang/invoke/Invokers$Holder done
Event: 0.201 Loading class java/lang/invoke/LambdaFormEditor
Event: 0.201 Loading class java/lang/invoke/LambdaFormEditor done
Event: 0.202 Loading class java/lang/invoke/LambdaFormEditor$TransformKey
Event: 0.202 Loading class java/lang/invoke/LambdaFormEditor$TransformKey done
Event: 0.202 Loading class java/lang/invoke/LambdaFormBuffer
Event: 0.202 Loading class java/lang/invoke/LambdaFormBuffer done
Event: 0.202 Loading class java/lang/invoke/LambdaFormEditor$Transform
Event: 0.202 Loading class java/lang/invoke/LambdaFormEditor$Transform done
Event: 0.203 Loading class jdk/internal/classfile/impl/SplitConstantPool

Classes unloaded (0 events):
No events

Classes redefined (0 events):
No events

Internal exceptions (0 events):
No events

VM Operations (0 events):
No events

Memory protections (0 events):
No events

Nmethod flushes (0 events):
No events

Events (9 events):
Event: 0.038 Thread 0x000002188c4012b0 Thread added: 0x000002188c4012b0
Event: 0.125 Thread 0x000002188c4012b0 Thread added: 0x00000218ab77cc80
Event: 0.125 Thread 0x000002188c4012b0 Thread added: 0x00000218ab76c620
Event: 0.127 Thread 0x000002188c4012b0 Thread added: 0x00000218ab770950
Event: 0.127 Thread 0x000002188c4012b0 Thread added: 0x00000218ab771510
Event: 0.128 Thread 0x000002188c4012b0 Thread added: 0x00000218ab77df10
Event: 0.128 Thread 0x000002188c4012b0 Thread added: 0x00000218ab781560
Event: 0.128 Thread 0x000002188c4012b0 Thread added: 0x00000218ab78a160
Event: 0.128 Thread 0x000002188c4012b0 Thread added: 0x00000218ab795d50


Dynamic libraries:
0x00007ff7bd8c0000 - 0x00007ff7bd8c8000 	C:\Users\Paras\AppData\Roaming\Code\User\globalStorage\pleiades.java-extension-pack-jdk\java\latest\bin\javac.exe
0x00007ff8c6040000 - 0x00007ff8c62a8000 	C:\WINDOWS\SYSTEM32\ntdll.dll
0x00007ff8c5760000 - 0x00007ff8c5829000 	C:\WINDOWS\System32\KERNEL32.DLL
0x00007ff8c3340000 - 0x00007ff8c3732000 	C:\WINDOWS\System32\KERNELBASE.dll
0x00007ff8c3b40000 - 0x00007ff8c3c8b000 	C:\WINDOWS\System32\ucrtbase.dll
0x00007ff8b0c60000 - 0x00007ff8b0c7e000 	C:\Users\Paras\AppData\Roaming\Code\User\globalStorage\pleiades.java-extension-pack-jdk\java\latest\bin\VCRUNTIME140.dll
0x00007ff8b2000000 - 0x00007ff8b2016000 	C:\Users\Paras\AppData\Roaming\Code\User\globalStorage\pleiades.java-extension-pack-jdk\java\latest\bin\jli.dll
0x00007ff8c4cd0000 - 0x00007ff8c4e95000 	C:\WINDOWS\System32\USER32.dll
0x00007ff8ac430000 - 0x00007ff8ac6c3000 	C:\WINDOWS\WinSxS\amd64_microsoft.windows.common-controls_6595b64144ccf1df_6.0.26100.6725_none_3e085828e334708b\COMCTL32.dll
0x00007ff8c3d50000 - 0x00007ff8c3d77000 	C:\WINDOWS\System32\win32u.dll
0x00007ff8c5a20000 - 0x00007ff8c5a4b000 	C:\WINDOWS\System32\GDI32.dll
0x00007ff8c5e50000 - 0x00007ff8c5ef9000 	C:\WINDOWS\System32\msvcrt.dll
0x00007ff8c3970000 - 0x00007ff8c3a9d000 	C:\WINDOWS\System32\gdi32full.dll
0x00007ff8c3740000 - 0x00007ff8c37e3000 	C:\WINDOWS\System32\msvcp_win.dll
0x00007ff8c4a90000 - 0x00007ff8c4abf000 	C:\WINDOWS\System32\IMM32.DLL
0x00007ff8bc4d0000 - 0x00007ff8bc4dc000 	C:\Users\Paras\AppData\Roaming\Code\User\globalStorage\pleiades.java-extension-pack-jdk\java\latest\bin\vcruntime140_1.dll
0x00007ff88f180000 - 0x00007ff88f20d000 	C:\Users\Paras\AppData\Roaming\Code\User\globalStorage\pleiades.java-extension-pack-jdk\java\latest\bin\msvcp140.dll
0x00007ff84c7e0000 - 0x00007ff84d706000 	C:\Users\Paras\AppData\Roaming\Code\User\globalStorage\pleiades.java-extension-pack-jdk\java\latest\bin\server\jvm.dll
0x00007ff8c4f40000 - 0x00007ff8c4ff4000 	C:\WINDOWS\System32\ADVAPI32.dll
0x00007ff8c4270000 - 0x00007ff8c4316000 	C:\WINDOWS\System32\sechost.dll
0x00007ff8c4bb0000 - 0x00007ff8c4cc8000 	C:\WINDOWS\System32\RPCRT4.dll
0x00007ff8c5110000 - 0x00007ff8c5184000 	C:\WINDOWS\System32\WS2_32.dll
0x00007ff8c3030000 - 0x00007ff8c308e000 	C:\WINDOWS\SYSTEM32\POWRPROF.dll
0x00007ff8b9700000 - 0x00007ff8b9735000 	C:\WINDOWS\SYSTEM32\WINMM.dll
0x00007ff8b9950000 - 0x00007ff8b995b000 	C:\WINDOWS\SYSTEM32\VERSION.dll
0x00007ff8c3010000 - 0x00007ff8c3024000 	C:\WINDOWS\SYSTEM32\UMPDC.dll
0x00007ff8c1fa0000 - 0x00007ff8c1fbb000 	C:\WINDOWS\SYSTEM32\kernel.appcore.dll
0x00007ff8b0c50000 - 0x00007ff8b0c5a000 	C:\Users\Paras\AppData\Roaming\Code\User\globalStorage\pleiades.java-extension-pack-jdk\java\latest\bin\jimage.dll
0x00007ff8c0820000 - 0x00007ff8c0a62000 	C:\WINDOWS\SYSTEM32\DBGHELP.DLL
0x00007ff8c5a50000 - 0x00007ff8c5dcb000 	C:\WINDOWS\System32\combase.dll
0x00007ff8c4ad0000 - 0x00007ff8c4ba7000 	C:\WINDOWS\System32\OLEAUT32.dll
0x00007ff8aa1d0000 - 0x00007ff8aa20c000 	C:\WINDOWS\SYSTEM32\dbgcore.DLL
0x00007ff8c3aa0000 - 0x00007ff8c3b38000 	C:\WINDOWS\System32\bcryptPrimitives.dll
0x00007ff8a8e00000 - 0x00007ff8a8e1e000 	C:\Users\Paras\AppData\Roaming\Code\User\globalStorage\pleiades.java-extension-pack-jdk\java\latest\bin\java.dll
0x00007ff8c40d0000 - 0x00007ff8c4268000 	C:\WINDOWS\System32\ole32.dll
0x00007ff8c4340000 - 0x00007ff8c4a8c000 	C:\WINDOWS\System32\SHELL32.dll
0x00007ff8c31d0000 - 0x00007ff8c333b000 	C:\WINDOWS\System32\wintypes.dll
0x00007ff8c0e10000 - 0x00007ff8c166d000 	C:\WINDOWS\SYSTEM32\windows.storage.dll
0x00007ff8c5f00000 - 0x00007ff8c5ff2000 	C:\WINDOWS\System32\SHCORE.dll
0x00007ff8c3e70000 - 0x00007ff8c3ed2000 	C:\WINDOWS\System32\shlwapi.dll
0x00007ff8c30f0000 - 0x00007ff8c3119000 	C:\WINDOWS\SYSTEM32\profapi.dll

JVMTI agents: none

dbghelp: loaded successfully - version: 4.0.5 - missing functions: none
symbol engine: initialized successfully - sym options: 0x614 - pdb path: .;C:\Users\Paras\AppData\Roaming\Code\User\globalStorage\pleiades.java-extension-pack-jdk\java\latest\bin;C:\WINDOWS\SYSTEM32;C:\WINDOWS\WinSxS\amd64_microsoft.windows.common-controls_6595b64144ccf1df_6.0.26100.6725_none_3e085828e334708b;C:\Users\Paras\AppData\Roaming\Code\User\globalStorage\pleiades.java-extension-pack-jdk\java\latest\bin\server

VM Arguments:
jvm_args: -Dstdout.encoding=UTF-8 -Dstderr.encoding=UTF-8 -Dapplication.home=C:\Users\Paras\AppData\Roaming\Code\User\globalStorage\pleiades.java-extension-pack-jdk\java\latest --add-modules=ALL-DEFAULT -Xms8m -Djdk.module.main=jdk.compiler 
java_command: jdk.compiler/com.sun.tools.javac.Main GetConnection.java
java_class_path (initial): <not set>
Launcher Type: SUN_STANDARD

[Global flags]
     intx CICompilerCount                          = 3                                         {product} {ergonomic}
     uint ConcGCThreads                            = 1                                         {product} {ergonomic}
     uint G1ConcRefinementThreads                  = 4                                         {product} {ergonomic}
   size_t G1HeapRegionSize                         = 2097152                                   {product} {ergonomic}
   size_t InitialHeapSize                          = 8388608                                   {product} {command line}
   size_t MarkStackSize                            = 4194304                                   {product} {ergonomic}
   size_t MarkStackSizeMax                         = 536870912                                 {product} {ergonomic}
   size_t MaxHeapSize                              = 2671771648                                {product} {ergonomic}
   size_t MaxNewSize                               = 1602224128                                {product} {ergonomic}
   size_t MinHeapDeltaBytes                        = 2097152                                   {product} {ergonomic}
   size_t MinHeapSize                              = 8388608                                   {product} {command line}
    uintx NonNMethodCodeHeapSize                   = 5832704                                {pd product} {ergonomic}
    uintx NonProfiledCodeHeapSize                  = 122945536                              {pd product} {ergonomic}
    uintx ProfiledCodeHeapSize                     = 122880000                              {pd product} {ergonomic}
    uintx ReservedCodeCacheSize                    = 251658240                              {pd product} {ergonomic}
     bool SegmentedCodeCache                       = true                                      {product} {ergonomic}
   size_t SoftMaxHeapSize                          = 2671771648                             {manageable} {ergonomic}
     bool UseCompressedOops                        = true                           {product lp64_product} {ergonomic}
     bool UseG1GC                                  = true                                      {product} {ergonomic}
     bool UseLargePagesIndividualAllocation        = false                                  {pd product} {ergonomic}

Logging:
Log output configuration:
 #0: stdout all=warning uptime,level,tags foldmultilines=false
 #1: stderr all=off uptime,level,tags foldmultilines=false

Release file:
<release file has not been read>
Environment Variables:
JAVA_HOME=C:\Users\Paras\AppData\Roaming\Code\User\globalStorage\pleiades.java-extension-pack-jdk\java\latest
JAVA_TOOL_OPTIONS=-Dstdout.encoding=UTF-8 -Dstderr.encoding=UTF-8
PATH=C:\Users\Paras\AppData\Roaming\Code\User\globalStorage\pleiades.java-extension-pack-jdk\gradle\latest\bin;C:\Users\Paras\AppData\Roaming\Code\User\globalStorage\pleiades.java-extension-pack-jdk\maven\latest\bin;C:\Users\Paras\AppData\Roaming\Code\User\globalStorage\pleiades.java-extension-pack-jdk\java\latest\bin;C:\Program Files\Eclipse Adoptium\jdk-8.0.462.8-hotspot\bin;C:\Program Files\Common Files\Oracle\Java\javapath;C:\Program Files (x86)\Common Files\Oracle\Java\java8path;C:\Program Files (x86)\Common Files\Oracle\Java\javapath;C:\WINDOWS\system32;C:\WINDOWS;C:\WINDOWS\System32\Wbem;C:\WINDOWS\System32\WindowsPowerShell\v1.0\;C:\WINDOWS\System32\OpenSSH\;C:\Program Files\Java\jdk1.8.0_202\bin\bin;E:\Program Files\;C:\Program Files\Git\cmd;C:\Program Files\Docker\Docker\resources\bin;C:\Users\Paras\AppData\Local\Programs\Python\Python310\Scripts\;C:\Users\Paras\AppData\Local\Programs\Python\Python310\;C:\Users\Paras\AppData\Local\Microsoft\WindowsApps;C:\Users\Paras\AppData\Local\Programs\Microsoft VS Code\bin;C:\Users\Paras\AppData\Local\GitHubDesktop\bin;C:\Program Files\Java\jdk1.8.0_202\bin;C:\Program Files\Java\jre1.8.0_202\bin;C:\Users\Paras\AppData\Roaming\npm;E:\Program Files\node.exe;
USERNAME=Suryansh
LANG=en_US.UTF-8
OS=Windows_NT
PROCESSOR_IDENTIFIER=AMD64 Family 23 Model 24 Stepping 1, AuthenticAMD
TMP=C:\Users\Paras\AppData\Local\Temp
TEMP=C:\Users\Paras\AppData\Local\Temp




Compilation memory statistics disabled.

Periodic native trim disabled

---------------  S Y S T E M  ---------------

OS:
 Windows 11 , 64 bit Build 26100 (10.0.26100.6725)
OS uptime: 6 days 3:58 hours
Hyper-V role detected

CPU: total 4 (initial active 4) (4 cores per cpu, 2 threads per core) family 23 model 24 stepping 1 microcode 0x8108109, cx8, cmov, fxsr, ht, mmx, 3dnowpref, sse, sse2, sse3, ssse3, sse4a, sse4.1, sse4.2, popcnt, lzcnt, tsc, tscinvbit, avx, avx2, aes, clmul, bmi1, bmi2, adx, sha, fma, vzeroupper, clflush, clflushopt, hv, rdtscp, f16c
Processor Information for the first 4 processors :
  Max Mhz: 2600, Current Mhz: 2600, Mhz Limit: 2600

Memory: 4k page, system-wide physical 10190M (1234M free)
TotalPageFile size 19742M (AvailPageFile size 1M)
current process WorkingSet (physical memory assigned to process): 29M, peak: 29M
current process commit charge ("private bytes"): 69M, peak: 74M

vm_info: OpenJDK 64-Bit Server VM (25+36-LTS) for windows-amd64 JRE (25+36-LTS), built on 2025-09-16T00:00:00Z with unknown MS VC++:1942

END.
